This is pdfTeX, Version 3.1415926-2.5-1.40.14 (TeX Live 2013/Debian) (format=pdflatex 2015.12.22)  14 MAR 2016 20:21
entering extended mode
 restricted \write18 enabled.
 %&-line parsing enabled.
**Tesi.tex
(./Tesi.tex
LaTeX2e <2011/06/27>
Babel <3.9h> and hyphenation patterns for 78 languages loaded.
(/usr/share/texlive/texmf-dist/tex/latex/base/book.cls
Document Class: book 2007/10/19 v1.4h Standard LaTeX document class
(/usr/share/texlive/texmf-dist/tex/latex/base/bk12.clo
File: bk12.clo 2007/10/19 v1.4h Standard LaTeX file (size option)
)
\c@part=\count79
\c@chapter=\count80
\c@section=\count81
\c@subsection=\count82
\c@subsubsection=\count83
\c@paragraph=\count84
\c@subparagraph=\count85
\c@figure=\count86
\c@table=\count87
\abovecaptionskip=\skip41
\belowcaptionskip=\skip42
\bibindent=\dimen102
)
(/usr/share/texlive/texmf-dist/tex/latex/graphics/graphicx.sty
Package: graphicx 1999/02/16 v1.0f Enhanced LaTeX Graphics (DPC,SPQR)

(/usr/share/texlive/texmf-dist/tex/latex/graphics/keyval.sty
Package: keyval 1999/03/16 v1.13 key=value parser (DPC)
\KV@toks@=\toks14
)
(/usr/share/texlive/texmf-dist/tex/latex/graphics/graphics.sty
Package: graphics 2009/02/05 v1.0o Standard LaTeX Graphics (DPC,SPQR)

(/usr/share/texlive/texmf-dist/tex/latex/graphics/trig.sty
Package: trig 1999/03/16 v1.09 sin cos tan (DPC)
)
(/usr/share/texlive/texmf-dist/tex/latex/latexconfig/graphics.cfg
File: graphics.cfg 2010/04/23 v1.9 graphics configuration of TeX Live
)
Package graphics Info: Driver file: pdftex.def on input line 91.

(/usr/share/texlive/texmf-dist/tex/latex/pdftex-def/pdftex.def
File: pdftex.def 2011/05/27 v0.06d Graphics/color for pdfTeX

(/usr/share/texlive/texmf-dist/tex/generic/oberdiek/infwarerr.sty
Package: infwarerr 2010/04/08 v1.3 Providing info/warning/error messages (HO)
)
(/usr/share/texlive/texmf-dist/tex/generic/oberdiek/ltxcmds.sty
Package: ltxcmds 2011/11/09 v1.22 LaTeX kernel commands for general use (HO)
)
\Gread@gobject=\count88
))
\Gin@req@height=\dimen103
\Gin@req@width=\dimen104
)
(/usr/share/texlive/texmf-dist/tex/latex/fancyhdr/fancyhdr.sty
\fancy@headwidth=\skip43
\f@ncyO@elh=\skip44
\f@ncyO@erh=\skip45
\f@ncyO@olh=\skip46
\f@ncyO@orh=\skip47
\f@ncyO@elf=\skip48
\f@ncyO@erf=\skip49
\f@ncyO@olf=\skip50
\f@ncyO@orf=\skip51
)
(/usr/share/texlive/texmf-dist/tex/latex/caption/caption.sty
Package: caption 2013/05/02 v3.3-89 Customizing captions (AR)

(/usr/share/texlive/texmf-dist/tex/latex/caption/caption3.sty
Package: caption3 2013/05/02 v1.6-88 caption3 kernel (AR)
Package caption3 Info: TeX engine: e-TeX on input line 57.
\captionmargin=\dimen105
\captionmargin@=\dimen106
\captionwidth=\dimen107
\caption@tempdima=\dimen108
\caption@indent=\dimen109
\caption@parindent=\dimen110
\caption@hangindent=\dimen111
)
\c@ContinuedFloat=\count89
)
(/usr/share/texlive/texmf-dist/tex/generic/babel/babel.sty
Package: babel 2013/12/03 3.9h The Babel package

(/usr/share/texlive/texmf-dist/tex/generic/babel-italian/italian.ldf
Language: italian 2013/11/22 v1.3f Italian support from the babel system

(/usr/share/texlive/texmf-dist/tex/generic/babel/babel.def
File: babel.def 2013/12/03 3.9h Babel common definitions
\babel@savecnt=\count90
\U@D=\dimen112
)
\it@lettering=\count91
Package babel Info: Making " an active character on input line 98.
\Virgola=\count92
))
(/usr/share/texlive/texmf-dist/tex/latex/etoolbox/etoolbox.sty
Package: etoolbox 2011/01/03 v2.1 e-TeX tools for LaTeX

(/usr/share/texlive/texmf-dist/tex/latex/etex-pkg/etex.sty
Package: etex 1998/03/26 v2.0 eTeX basic definition package (PEB)
\et@xins=\count93
)
\etb@tempcnta=\count94
)
(/usr/share/texlive/texmf-dist/tex/latex/base/inputenc.sty
Package: inputenc 2008/03/30 v1.1d Input encoding file
\inpenc@prehook=\toks15
\inpenc@posthook=\toks16

(/usr/share/texlive/texmf-dist/tex/latex/ucs/utf8x.def
File: utf8x.def 2004/10/17 UCS: Input encoding UTF-8
))
(/usr/share/texlive/texmf-dist/tex/latex/ucs/ucs.sty
Package: ucs 2013/05/11 v2.2 UCS: Unicode input support

(/usr/share/texlive/texmf-dist/tex/latex/ucs/data/uni-global.def
File: uni-global.def 2013/05/13 UCS: Unicode global data
)
\uc@secondtry=\count95
\uc@combtoks=\toks17
\uc@combtoksb=\toks18
\uc@temptokena=\toks19
)
(/usr/share/texlive/texmf-dist/tex/latex/parskip/parskip.sty
Package: parskip 2001/04/09 non-zero parskip adjustments
)
(/usr/share/texlive/texmf-dist/tex/latex/amsmath/amsmath.sty
Package: amsmath 2013/01/14 v2.14 AMS math features
\@mathmargin=\skip52

For additional information on amsmath, use the `?' option.
(/usr/share/texlive/texmf-dist/tex/latex/amsmath/amstext.sty
Package: amstext 2000/06/29 v2.01

(/usr/share/texlive/texmf-dist/tex/latex/amsmath/amsgen.sty
File: amsgen.sty 1999/11/30 v2.0
\@emptytoks=\toks20
\ex@=\dimen113
))
(/usr/share/texlive/texmf-dist/tex/latex/amsmath/amsbsy.sty
Package: amsbsy 1999/11/29 v1.2d
\pmbraise@=\dimen114
)
(/usr/share/texlive/texmf-dist/tex/latex/amsmath/amsopn.sty
Package: amsopn 1999/12/14 v2.01 operator names
)
\inf@bad=\count96
LaTeX Info: Redefining \frac on input line 210.
\uproot@=\count97
\leftroot@=\count98
LaTeX Info: Redefining \overline on input line 306.
\classnum@=\count99
\DOTSCASE@=\count100
LaTeX Info: Redefining \ldots on input line 378.
LaTeX Info: Redefining \dots on input line 381.
LaTeX Info: Redefining \cdots on input line 466.
\Mathstrutbox@=\box26
\strutbox@=\box27
\big@size=\dimen115
LaTeX Font Info:    Redeclaring font encoding OML on input line 566.
LaTeX Font Info:    Redeclaring font encoding OMS on input line 567.
\macc@depth=\count101
\c@MaxMatrixCols=\count102
\dotsspace@=\muskip10
\c@parentequation=\count103
\dspbrk@lvl=\count104
\tag@help=\toks21
\row@=\count105
\column@=\count106
\maxfields@=\count107
\andhelp@=\toks22
\eqnshift@=\dimen116
\alignsep@=\dimen117
\tagshift@=\dimen118
\tagwidth@=\dimen119
\totwidth@=\dimen120
\lineht@=\dimen121
\@envbody=\toks23
\multlinegap=\skip53
\multlinetaggap=\skip54
\mathdisplay@stack=\toks24
LaTeX Info: Redefining \[ on input line 2665.
LaTeX Info: Redefining \] on input line 2666.
)
(/usr/share/texlive/texmf-dist/tex/latex/amsfonts/amssymb.sty
Package: amssymb 2013/01/14 v3.01 AMS font symbols

(/usr/share/texlive/texmf-dist/tex/latex/amsfonts/amsfonts.sty
Package: amsfonts 2013/01/14 v3.01 Basic AMSFonts support
\symAMSa=\mathgroup4
\symAMSb=\mathgroup5
LaTeX Font Info:    Overwriting math alphabet `\mathfrak' in version `bold'
(Font)                  U/euf/m/n --> U/euf/b/n on input line 106.
))
(/usr/share/texlive/texmf-dist/tex/latex/moreverb/moreverb.sty
Package: moreverb 2008/06/03 v2.3a `more' verbatim facilities

(/usr/share/texlive/texmf-dist/tex/latex/tools/verbatim.sty
Package: verbatim 2003/08/22 v1.5q LaTeX2e package for verbatim enhancements
\every@verbatim=\toks25
\verbatim@line=\toks26
\verbatim@in@stream=\read1
)
\tab@position=\count108
\tab@size=\count109
\listing@line=\count110
)
(/usr/share/texlive/texmf-dist/tex/latex/algorithms/algorithm.sty
Package: algorithm 2009/08/24 v0.1 Document Style `algorithm' - floating enviro
nment

(/usr/share/texlive/texmf-dist/tex/latex/float/float.sty
Package: float 2001/11/08 v1.3d Float enhancements (AL)
\c@float@type=\count111
\float@exts=\toks27
\float@box=\box28
\@float@everytoks=\toks28
\@floatcapt=\box29
)
(/usr/share/texlive/texmf-dist/tex/latex/base/ifthen.sty
Package: ifthen 2001/05/26 v1.1c Standard LaTeX ifthen package (DPC)
)
\@float@every@algorithm=\toks29
\c@algorithm=\count112
)
(/usr/share/texlive/texmf-dist/tex/latex/algorithmicx/algpseudocode.sty
Package: algpseudocode 

(/usr/share/texlive/texmf-dist/tex/latex/algorithmicx/algorithmicx.sty
Package: algorithmicx 2005/04/27 v1.2 Algorithmicx

Document Style algorithmicx 1.2 - a greatly improved `algorithmic' style
\c@ALG@line=\count113
\c@ALG@rem=\count114
\c@ALG@nested=\count115
\ALG@tlm=\skip55
\ALG@thistlm=\skip56
\c@ALG@Lnr=\count116
\c@ALG@blocknr=\count117
\c@ALG@storecount=\count118
\c@ALG@tmpcounter=\count119
\ALG@tmplength=\skip57
)
Document Style - pseudocode environments for use with the `algorithmicx' style
) (/usr/share/texlive/texmf-dist/tex/latex/graphics/color.sty
Package: color 2005/11/14 v1.0j Standard LaTeX Color (DPC)

(/usr/share/texlive/texmf-dist/tex/latex/latexconfig/color.cfg
File: color.cfg 2007/01/18 v1.5 color configuration of teTeX/TeXLive
)
Package color Info: Driver file: pdftex.def on input line 130.

(/usr/share/texlive/texmf-dist/tex/latex/graphics/dvipsnam.def
File: dvipsnam.def 1999/02/16 v3.0i Driver-dependant file (DPC,SPQR)
))
(/usr/share/texlive/texmf-dist/tex/latex/frontespizio/frontespizio.sty
Package: frontespizio 2011/09/21 1.4a (Enrico Gregorio)

(/usr/share/texlive/texmf-dist/tex/latex/tools/afterpage.sty
Package: afterpage 1995/10/27 v1.08 After-Page Package (DPC)
\AP@output=\toks30
\AP@partial=\box30
\AP@footins=\box31
)
(/usr/share/texlive/texmf-dist/tex/generic/oberdiek/atbegshi.sty
Package: atbegshi 2011/10/05 v1.16 At begin shipout hook (HO)

(/usr/share/texlive/texmf-dist/tex/generic/oberdiek/ifpdf.sty
Package: ifpdf 2011/01/30 v2.3 Provides the ifpdf switch (HO)
Package ifpdf Info: pdfTeX in PDF mode is detected.
))
(/usr/share/texlive/texmf-dist/tex/latex/environ/environ.sty
Package: environ 2013/04/01 v0.3 A new environment syntax

(/usr/share/texlive/texmf-dist/tex/latex/trimspaces/trimspaces.sty
Package: trimspaces 2009/09/17 v1.1 Trim spaces around a token list
))
(/usr/share/texlive/texmf-dist/tex/generic/ifxetex/ifxetex.sty
Package: ifxetex 2010/09/12 v0.6 Provides ifxetex conditional
)
\front@out=\write3
\openout3 = `Tesi-frn.tex'.

)
(/usr/share/texlive/texmf-dist/tex/latex/url/url.sty
\Urlmuskip=\muskip11
Package: url 2013/09/16  ver 3.4  Verb mode for urls, etc.
)
(/usr/share/texlive/texmf-dist/tex/latex/setspace/setspace.sty
Package: setspace 2011/12/19 v6.7a set line spacing
)
(/usr/share/texlive/texmf-dist/tex/latex/eqparbox/eqparbox.sty
Package: eqparbox 2013/03/15 v4.0 Create equal-widthed boxes
\eqp@tempdima=\skip58
\eqp@tempdimb=\skip59

(/usr/share/texlive/texmf-dist/tex/latex/tools/array.sty
Package: array 2008/09/09 v2.4c Tabular extension package (FMi)
\col@sep=\dimen122
\extrarowheight=\dimen123
\NC@list=\toks31
\extratabsurround=\skip60
\backup@length=\skip61
)
\eqp@tabular@box=\box32
\eqp@list@box=\box33
\eqp@list@indent=\skip62
)
(/usr/share/texlive/texmf-dist/tex/latex/siunitx/siunitx.sty
(/usr/share/texlive/texmf-dist/tex/latex/l3kernel/expl3.sty
(/usr/share/texlive/texmf-dist/tex/latex/l3kernel/l3names.sty
(/usr/share/texlive/texmf-dist/tex/latex/l3kernel/l3bootstrap.sty
Package: l3bootstrap 2014/01/04 v4640 L3 Experimental bootstrap code
)
Package: l3names 2014/01/04 v4640 L3 Namespace for primitives
)
Package: expl3 2014/01/07 v4646 L3 Experimental code bundle wrapper

(/usr/share/texlive/texmf-dist/tex/latex/l3kernel/l3basics.sty
Package: l3basics 2014/01/04 v4642 L3 Basic definitions
)
(/usr/share/texlive/texmf-dist/tex/latex/l3kernel/l3expan.sty
Package: l3expan 2014/01/04 v4642 L3 Argument expansion
)
(/usr/share/texlive/texmf-dist/tex/latex/l3kernel/l3tl.sty
Package: l3tl 2013/12/27 v4625 L3 Token lists
)
(/usr/share/texlive/texmf-dist/tex/latex/l3kernel/l3seq.sty
Package: l3seq 2013/12/14 v4623 L3 Sequences and stacks
)
(/usr/share/texlive/texmf-dist/tex/latex/l3kernel/l3int.sty
Package: l3int 2013/08/02 v4583 L3 Integers
\c_max_int=\count120
\l_tmpa_int=\count121
\l_tmpb_int=\count122
\g_tmpa_int=\count123
\g_tmpb_int=\count124
)
(/usr/share/texlive/texmf-dist/tex/latex/l3kernel/l3quark.sty
Package: l3quark 2013/12/14 v4623 L3 Quarks
)
(/usr/share/texlive/texmf-dist/tex/latex/l3kernel/l3prg.sty
Package: l3prg 2014/01/04 v4642 L3 Control structures
\g__prg_map_int=\count125
)
(/usr/share/texlive/texmf-dist/tex/latex/l3kernel/l3clist.sty
Package: l3clist 2013/07/28 v4581 L3 Comma separated lists
)
(/usr/share/texlive/texmf-dist/tex/latex/l3kernel/l3token.sty
Package: l3token 2013/08/25 v4587 L3 Experimental token manipulation
)
(/usr/share/texlive/texmf-dist/tex/latex/l3kernel/l3prop.sty
Package: l3prop 2013/12/14 v4623 L3 Property lists
)
(/usr/share/texlive/texmf-dist/tex/latex/l3kernel/l3msg.sty
Package: l3msg 2013/07/28 v4581 L3 Messages
)
(/usr/share/texlive/texmf-dist/tex/latex/l3kernel/l3file.sty
Package: l3file 2013/10/13 v4596 L3 File and I/O operations
\l_iow_line_count_int=\count126
\l__iow_target_count_int=\count127
\l__iow_current_line_int=\count128
\l__iow_current_word_int=\count129
\l__iow_current_indentation_int=\count130
)
(/usr/share/texlive/texmf-dist/tex/latex/l3kernel/l3skip.sty
Package: l3skip 2013/07/28 v4581 L3 Dimensions and skips
\c_zero_dim=\dimen124
\c_max_dim=\dimen125
\l_tmpa_dim=\dimen126
\l_tmpb_dim=\dimen127
\g_tmpa_dim=\dimen128
\g_tmpb_dim=\dimen129
\c_zero_skip=\skip63
\c_max_skip=\skip64
\l_tmpa_skip=\skip65
\l_tmpb_skip=\skip66
\g_tmpa_skip=\skip67
\g_tmpb_skip=\skip68
\c_zero_muskip=\muskip12
\c_max_muskip=\muskip13
\l_tmpa_muskip=\muskip14
\l_tmpb_muskip=\muskip15
\g_tmpa_muskip=\muskip16
\g_tmpb_muskip=\muskip17
)
(/usr/share/texlive/texmf-dist/tex/latex/l3kernel/l3keys.sty
Package: l3keys 2013/12/08 v4614 L3 Experimental key-value interfaces
\g__keyval_level_int=\count131
\l_keys_choice_int=\count132
)
(/usr/share/texlive/texmf-dist/tex/latex/l3kernel/l3fp.sty
Package: l3fp 2014/01/04 v4642 L3 Floating points
\c__fp_leading_shift_int=\count133
\c__fp_middle_shift_int=\count134
\c__fp_trailing_shift_int=\count135
\c__fp_big_leading_shift_int=\count136
\c__fp_big_middle_shift_int=\count137
\c__fp_big_trailing_shift_int=\count138
\c__fp_Bigg_leading_shift_int=\count139
\c__fp_Bigg_middle_shift_int=\count140
\c__fp_Bigg_trailing_shift_int=\count141
)
(/usr/share/texlive/texmf-dist/tex/latex/l3kernel/l3box.sty
Package: l3box 2013/07/28 v4581 L3 Experimental boxes
\c_empty_box=\box34
\l_tmpa_box=\box35
\l_tmpb_box=\box36
\g_tmpa_box=\box37
\g_tmpb_box=\box38
)
(/usr/share/texlive/texmf-dist/tex/latex/l3kernel/l3coffins.sty
Package: l3coffins 2013/12/14 v4624 L3 Coffin code layer
\l__coffin_internal_box=\box39
\l__coffin_internal_dim=\dimen130
\l__coffin_offset_x_dim=\dimen131
\l__coffin_offset_y_dim=\dimen132
\l__coffin_x_dim=\dimen133
\l__coffin_y_dim=\dimen134
\l__coffin_x_prime_dim=\dimen135
\l__coffin_y_prime_dim=\dimen136
\c_empty_coffin=\box40
\l__coffin_aligned_coffin=\box41
\l__coffin_aligned_internal_coffin=\box42
\l_tmpa_coffin=\box43
\l_tmpb_coffin=\box44
\l__coffin_display_coffin=\box45
\l__coffin_display_coord_coffin=\box46
\l__coffin_display_pole_coffin=\box47
\l__coffin_display_offset_dim=\dimen137
\l__coffin_display_x_dim=\dimen138
\l__coffin_display_y_dim=\dimen139
)
(/usr/share/texlive/texmf-dist/tex/latex/l3kernel/l3color.sty
Package: l3color 2012/08/29 v4156 L3 Experimental color support
)
(/usr/share/texlive/texmf-dist/tex/latex/l3kernel/l3luatex.sty
Package: l3luatex 2013/07/28 v4581 L3 Experimental LuaTeX-specific functions
\g__cctab_allocate_int=\count142
\g__cctab_stack_int=\count143
)
(/usr/share/texlive/texmf-dist/tex/latex/l3kernel/l3candidates.sty
Package: l3candidates 2014/01/06 v4643 L3 Experimental additions to l3kernel
\l__box_top_dim=\dimen140
\l__box_bottom_dim=\dimen141
\l__box_left_dim=\dimen142
\l__box_right_dim=\dimen143
\l__box_top_new_dim=\dimen144
\l__box_bottom_new_dim=\dimen145
\l__box_left_new_dim=\dimen146
\l__box_right_new_dim=\dimen147
\l__box_internal_box=\box48
\l__coffin_bounding_shift_dim=\dimen148
\l__coffin_left_corner_dim=\dimen149
\l__coffin_right_corner_dim=\dimen150
\l__coffin_bottom_corner_dim=\dimen151
\l__coffin_top_corner_dim=\dimen152
\l__coffin_scaled_total_height_dim=\dimen153
\l__coffin_scaled_width_dim=\dimen154
))
(/usr/share/texlive/texmf-dist/tex/latex/l3packages/xparse/xparse.sty
Package: xparse 2013/12/31 v4634 L3 Experimental document command parser
\l__xparse_current_arg_int=\count144
\l__xparse_m_args_int=\count145
\l__xparse_mandatory_args_int=\count146
\l__xparse_processor_int=\count147
\l__xparse_v_nesting_int=\count148
)
Package: siunitx 2013/07/31 v2.5s A comprehensive (SI) units package

(/usr/share/texlive/texmf-dist/tex/latex/l3packages/l3keys2e/l3keys2e.sty
Package: l3keys2e 2013/12/31 v4634 LaTeX2e option processing using LaTeX3 keys
)
Variant \tl_if_blank:VTF already defined; not changing it on line 50
\l__siunitx_tmp_box=\box49
\l__siunitx_tmp_dim=\dimen155
\l__siunitx_tmp_int=\count149
Variant \prop_get:NVNT already defined; not changing it on line 371
Variant \prop_get:NVNF already defined; not changing it on line 372
Variant \prop_get:NVNTF already defined; not changing it on line 373
\l__siunitx_number_mantissa_length_int=\count150
\l__siunitx_number_uncert_length_int=\count151
\l__siunitx_round_int=\count152
\l__siunitx_process_decimal_int=\count153
\l__siunitx_process_uncertainty_int=\count154
\l__siunitx_process_fixed_int=\count155
\l__siunitx_process_integer_min_int=\count156
\l__siunitx_process_precision_int=\count157
\l__siunitx_group_min_int=\count158
\l__siunitx_angle_marker_box=\box50
\l__siunitx_angle_unit_box=\box51
\l__siunitx_angle_marker_dim=\dimen156
\l__siunitx_angle_unit_dim=\dimen157
\l__siunitx_unit_int=\count159
\l__siunitx_unit_denominator_int=\count160
\l__siunitx_unit_numerator_int=\count161
\l__siunitx_unit_prefix_int=\count162
\l__siunitx_unit_prefix_base_int=\count163
\l__siunitx_unit_prefix_gram_int=\count164
\l__siunitx_number_product_int=\count165
\c__siunitx_one_fill_skip=\skip69
\l__siunitx_table_unit_align_skip=\skip70
\l__siunitx_table_exponent_dim=\dimen158
\l__siunitx_table_integer_dim=\dimen159
\l__siunitx_table_mantissa_dim=\dimen160
\l__siunitx_table_marker_dim=\dimen161
\l__siunitx_table_result_dim=\dimen162
\l__siunitx_table_uncert_dim=\dimen163
\l__siunitx_table_fill_pre_dim=\dimen164
\l__siunitx_table_fill_post_dim=\dimen165
\l__siunitx_table_fill_mid_dim=\dimen166
\l__siunitx_table_pre_box=\box52
\l__siunitx_table_post_box=\box53
\l__siunitx_table_mantissa_box=\box54
\l__siunitx_table_result_box=\box55
\l__siunitx_table_number_align_skip=\skip71
\l__siunitx_table_text_align_skip=\skip72
.................................................
. LaTeX info: "xparse/define-command"
. 
. Defining document command \DeclareBinaryPrefix with arg. spec. 'mmm' on line
. 7101.
.................................................
.................................................
. LaTeX info: "xparse/define-command"
. 
. Defining document command \DeclareSIPostPower with arg. spec. 'mm' on line
. 7104.
.................................................
.................................................
. LaTeX info: "xparse/define-command"
. 
. Defining document command \DeclareSIPrefix with arg. spec. 'mmm' on line
. 7107.
.................................................
.................................................
. LaTeX info: "xparse/define-command"
. 
. Defining document command \DeclareSIPrePower with arg. spec. 'mm' on line
. 7110.
.................................................
.................................................
. LaTeX info: "xparse/define-command"
. 
. Defining document command \DeclareSIQualifier with arg. spec. 'mm' on line
. 7113.
.................................................
.................................................
. LaTeX info: "xparse/define-command"
. 
. Defining document command \DeclareSIUnit with arg. spec. 'O{}mm' on line
. 7116.
.................................................
.................................................
. LaTeX info: "xparse/define-command"
. 
. Defining document command \DeclareSIUnitWithOptions with arg. spec. 'mmm' on
. line 7119.
.................................................
.................................................
. LaTeX info: "xparse/define-command"
. 
. Defining document command \ang with arg. spec. 'o>{\SplitArgument {2}{;}}m'
. on line 7134.
.................................................
.................................................
. LaTeX info: "xparse/define-command"
. 
. Defining document command \num with arg. spec. 'om' on line 7142.
.................................................
.................................................
. LaTeX info: "xparse/define-command"
. 
. Defining document command \numlist with arg. spec. 'o>{\SplitList {;}}m' on
. line 7150.
.................................................
.................................................
. LaTeX info: "xparse/define-command"
. 
. Defining document command \numrange with arg. spec. 'omm' on line 7158.
.................................................
.................................................
. LaTeX info: "xparse/define-command"
. 
. Defining document command \SIlist with arg. spec. 'o>{\SplitList {;}}mm' on
. line 7169.
.................................................
.................................................
. LaTeX info: "xparse/define-command"
. 
. Defining document command \SIrange with arg. spec. 'ommm' on line 7180.
.................................................
.................................................
. LaTeX info: "xparse/define-command"
. 
. Defining document command \SI with arg. spec. 'omom' on line 7191.
.................................................
.................................................
. LaTeX info: "xparse/define-command"
. 
. Defining document command \sisetup with arg. spec. 'm' on line 7194.
.................................................
.................................................
. LaTeX info: "xparse/define-command"
. 
. Defining document command \tablenum with arg. spec. 'om' on line 7206.
.................................................
.................................................
. LaTeX info: "xparse/define-command"
. 
. Defining document command \si with arg. spec. 'om' on line 7217.
.................................................
.................................................
. LaTeX info: "xparse/define-command"
. 
. Defining document command \__siunitx_bookmark_num:w with arg. spec. 'om' on
. line 7262.
.................................................
.................................................
. LaTeX info: "xparse/define-command"
. 
. Defining document command \__siunitx_bookmark_numrange:w with arg. spec.
. 'omm' on line 7264.
.................................................
.................................................
. LaTeX info: "xparse/define-command"
. 
. Defining document command \__siunitx_bookmark_SI:w with arg. spec. 'omom' on
. line 7266.
.................................................
.................................................
. LaTeX info: "xparse/define-command"
. 
. Defining document command \__siunitx_bookmark_SIlist:w with arg. spec. 'omm'
. on line 7268.
.................................................
.................................................
. LaTeX info: "xparse/define-command"
. 
. Defining document command \__siunitx_bookmark_SIrange:w with arg. spec.
. 'ommm' on line 7270.
.................................................
.................................................
. LaTeX info: "xparse/define-command"
. 
. Defining document command \__siunitx_bookmark_si:w with arg. spec. 'om' on
. line 7271.
.................................................
\g__file_internal_ior=\read2

(/usr/share/texmf/tex/latex/beamer/base/translator/translator.sty
Package: translator 2010/06/12 ver 1.10

(/usr/share/texmf/tex/latex/beamer/base/translator/translator-language-mappings
.tex))) (/usr/share/texlive/texmf-dist/tex/latex/subfigure/subfigure.sty
Package: subfigure 2002/03/15 v2.1.5 subfigure package
\subfigtopskip=\skip73
\subfigcapskip=\skip74
\subfigcaptopadj=\dimen167
\subfigbottomskip=\skip75
\subfigcapmargin=\dimen168
\subfiglabelskip=\skip76
\c@subfigure=\count166
\c@lofdepth=\count167
\c@subtable=\count168
\c@lotdepth=\count169

****************************************
* Local config file subfigure.cfg used *
****************************************
(/usr/share/texlive/texmf-dist/tex/latex/subfigure/subfigure.cfg)
\subfig@top=\skip77
\subfig@bottom=\skip78
)
(/usr/share/texlive/texmf-dist/tex/latex/wrapfig/wrapfig.sty
\wrapoverhang=\dimen169
\WF@size=\dimen170
\c@WF@wrappedlines=\count170
\WF@box=\box56
\WF@everypar=\toks32
Package: wrapfig 2003/01/31  v 3.6
)
(/usr/share/texlive/texmf-dist/tex/latex/amscls/amsthm.sty
Package: amsthm 2004/08/06 v2.20
\thm@style=\toks33
\thm@bodyfont=\toks34
\thm@headfont=\toks35
\thm@notefont=\toks36
\thm@headpunct=\toks37
\thm@preskip=\skip79
\thm@postskip=\skip80
\thm@headsep=\skip81
\dth@everypar=\toks38
) (./Tesi.aux

LaTeX Warning: Label `datavisualization' multiply defined.


LaTeX Warning: Label `englishchinese' multiply defined.


LaTeX Warning: Label `englishchinese' multiply defined.


LaTeX Warning: Label `englishchinese' multiply defined.

)
\openout1 = `Tesi.aux'.

LaTeX Font Info:    Checking defaults for OML/cmm/m/it on input line 53.
LaTeX Font Info:    ... okay on input line 53.
LaTeX Font Info:    Checking defaults for T1/cmr/m/n on input line 53.
LaTeX Font Info:    ... okay on input line 53.
LaTeX Font Info:    Checking defaults for OT1/cmr/m/n on input line 53.
LaTeX Font Info:    ... okay on input line 53.
LaTeX Font Info:    Checking defaults for OMS/cmsy/m/n on input line 53.
LaTeX Font Info:    ... okay on input line 53.
LaTeX Font Info:    Checking defaults for OMX/cmex/m/n on input line 53.
LaTeX Font Info:    ... okay on input line 53.
LaTeX Font Info:    Checking defaults for U/cmr/m/n on input line 53.
LaTeX Font Info:    ... okay on input line 53.
 (/usr/share/texlive/texmf-dist/tex/context/base/supp-pdf.mkii
[Loading MPS to PDF converter (version 2006.09.02).]
\scratchcounter=\count171
\scratchdimen=\dimen171
\scratchbox=\box57
\nofMPsegments=\count172
\nofMParguments=\count173
\everyMPshowfont=\toks39
\MPscratchCnt=\count174
\MPscratchDim=\dimen172
\MPnumerator=\count175
\makeMPintoPDFobject=\count176
\everyMPtoPDFconversion=\toks40
) (/usr/share/texlive/texmf-dist/tex/generic/oberdiek/pdftexcmds.sty
Package: pdftexcmds 2011/11/29 v0.20 Utility functions of pdfTeX for LuaTeX (HO
)

(/usr/share/texlive/texmf-dist/tex/generic/oberdiek/ifluatex.sty
Package: ifluatex 2010/03/01 v1.3 Provides the ifluatex switch (HO)
Package ifluatex Info: LuaTeX not detected.
)
Package pdftexcmds Info: LuaTeX not detected.
Package pdftexcmds Info: \pdf@primitive is available.
Package pdftexcmds Info: \pdf@ifprimitive is available.
Package pdftexcmds Info: \pdfdraftmode found.
)
(/usr/share/texlive/texmf-dist/tex/latex/oberdiek/epstopdf-base.sty
Package: epstopdf-base 2010/02/09 v2.5 Base part for package epstopdf

(/usr/share/texlive/texmf-dist/tex/latex/oberdiek/grfext.sty
Package: grfext 2010/08/19 v1.1 Manage graphics extensions (HO)

(/usr/share/texlive/texmf-dist/tex/generic/oberdiek/kvdefinekeys.sty
Package: kvdefinekeys 2011/04/07 v1.3 Define keys (HO)
))
(/usr/share/texlive/texmf-dist/tex/latex/oberdiek/kvoptions.sty
Package: kvoptions 2011/06/30 v3.11 Key value format for package options (HO)

(/usr/share/texlive/texmf-dist/tex/generic/oberdiek/kvsetkeys.sty
Package: kvsetkeys 2012/04/25 v1.16 Key value parser (HO)

(/usr/share/texlive/texmf-dist/tex/generic/oberdiek/etexcmds.sty
Package: etexcmds 2011/02/16 v1.5 Avoid name clashes with e-TeX commands (HO)
Package etexcmds Info: Could not find \expanded.
(etexcmds)             That can mean that you are not using pdfTeX 1.50 or
(etexcmds)             that some package has redefined \expanded.
(etexcmds)             In the latter case, load this package earlier.
)))
Package grfext Info: Graphics extension search list:
(grfext)             [.png,.pdf,.jpg,.mps,.jpeg,.jbig2,.jb2,.PNG,.PDF,.JPG,.JPE
G,.JBIG2,.JB2,.eps]
(grfext)             \AppendGraphicsExtensions on input line 452.

(/usr/share/texlive/texmf-dist/tex/latex/latexconfig/epstopdf-sys.cfg
File: epstopdf-sys.cfg 2010/07/13 v1.3 Configuration of (r)epstopdf for TeX Liv
e
))
Package caption Info: Begin \AtBeginDocument code.
Package caption Info: float package is loaded.
Package caption Info: subfigure package is loaded.
Package caption Info: wrapfig package is loaded.
Package caption Info: End \AtBeginDocument code.
LaTeX Info: Redefining \it@ocap on input line 53.
LaTeX Info: Redefining \it@ccap on input line 53.


File italian.ldf warning: 
italian.ldf    With OT1 encoding guillemets are poorly faked
italian.ldf    Use T1 encoding
italian.ldf    or specify a font with command \CaporaliFrom
italian.ldf    See the documentation concerning the babel-italian typesetting 
italian.ldf    on input line 53.

(/usr/share/texlive/texmf-dist/tex/latex/ucs/ucsencs.def
File: ucsencs.def 2011/01/21 Fixes to fontencodings LGR, T3
)
\AtBeginShipoutBox=\box58

(/usr/share/texmf/tex/latex/beamer/base/translator/dicts/translator-basic-dicti
onary/translator-basic-dictionary-English.dict
Dictionary: translator-basic-dictionary, Language: English 
)
(/usr/share/texlive/texmf-dist/tex/latex/siunitx/config/siunitx-abbreviations.c
fg
File: siunitx-abbreviations.cfg 2013/07/31 v2.5s siunitx: Abbreviated units
)
\c__siunitx_mathsf_int=\count177
LaTeX Font Info:    Try loading font information for U+msa on input line 53.
 (/usr/share/texlive/texmf-dist/tex/latex/amsfonts/umsa.fd
File: umsa.fd 2013/01/14 v3.01 AMS symbols A
)
LaTeX Font Info:    Try loading font information for U+msb on input line 53.

(/usr/share/texlive/texmf-dist/tex/latex/amsfonts/umsb.fd
File: umsb.fd 2013/01/14 v3.01 AMS symbols B
)
\c__siunitx_mathtt_int=\count178

<Tesi-frn.pdf, id=1, 597.50829pt x 845.0471pt>
File: Tesi-frn.pdf Graphic file (type pdf)
 <use Tesi-frn.pdf>
Package pdftex.def Info: Tesi-frn.pdf used on input line 56.
(pdftex.def)             Requested size: 597.50682pt x 845.04504pt.
 [1


 <./Tesi-frn.pdf{/var/lib/texmf/fonts/map/pdftex/updmap/pdftex.map}>]

Package Fancyhdr Warning: \fancyfoot's `E' option without twoside option is use
less on input line 73.

[1

] (./Tesi.toc

Package Fancyhdr Warning: \fancyfoot's `E' option without twoside option is use
less on input line 63.

[2

])
\tf@toc=\write4
\openout4 = `Tesi.toc'.

 [3] (./Tesi.lot
Overfull \hbox (34.12317pt too wide) in paragraph at lines 10--10
 [][] []\OT1/cmr/m/n/12 Risultati spe-ri-men-ta-zio-ne di URL em-bed-ding del s
i-to \OT1/cmtt/m/n/12 cs.illinois.edu [][]  
 []


Overfull \hbox (34.12317pt too wide) in paragraph at lines 11--11
 [][] []\OT1/cmr/m/n/12 Risultati spe-ri-men-ta-zio-ne di URL em-bed-ding del s
i-to \OT1/cmtt/m/n/12 cs.stanford.edu [][]  
 []


Overfull \hbox (15.59816pt too wide) in paragraph at lines 12--12
 [][] []\OT1/cmr/m/n/12 Risultati spe-ri-men-ta-zio-ne di URL em-bed-ding del s
i-to \OT1/cmtt/m/n/12 eecs.mit.edu [][]  
 []


Overfull \hbox (13.56633pt too wide) in paragraph at lines 13--13
 [][] []\OT1/cmr/m/n/12 Risultati spe-ri-men-ta-zio-ne di Text Mi-ning del si-t
o \OT1/cmtt/m/n/12 cs.illinois.edu [][]  
 []


Overfull \hbox (13.56633pt too wide) in paragraph at lines 14--14
 [][] []\OT1/cmr/m/n/12 Risultati spe-ri-men-ta-zio-ne di Text Mi-ning del si-t
o \OT1/cmtt/m/n/12 cs.stanford.edu [][]  
 []


Overfull \hbox (36.90498pt too wide) in paragraph at lines 16--16
 [][] []\OT1/cmr/m/n/12 Risultati spe-ri-men-ta-zio-ne di Text-Embedding del si
-to \OT1/cmtt/m/n/12 cs.illinois.edu [][]  
 []


Overfull \hbox (36.90498pt too wide) in paragraph at lines 17--17
 [][] []\OT1/cmr/m/n/12 Risultati spe-ri-men-ta-zio-ne di Text-Embedding del si
-to \OT1/cmtt/m/n/12 cs.stanford.edu [][]  
 []


Overfull \hbox (18.37997pt too wide) in paragraph at lines 18--18
 [][] []\OT1/cmr/m/n/12 Risultati spe-ri-men-ta-zio-ne di Text-Embedding del si
-to \OT1/cmtt/m/n/12 eecs.mit.edu [][]  
 []

)
\tf@lot=\write5
\openout5 = `Tesi.lot'.



Package Fancyhdr Warning: \fancyfoot's `E' option without twoside option is use
less on input line 89.

[4

] (./Tesi.lof)
\tf@lof=\write6
\openout6 = `Tesi.lof'.



Package Fancyhdr Warning: \fancyfoot's `E' option without twoside option is use
less on input line 90.

[5

] [6] (./MaterialeInizialeFinale/Introduzione.tex [7]
(/usr/share/texlive/texmf-dist/tex/latex/ucs/data/uni-0.def
File: uni-0.def 2013/05/13 UCS: Unicode data U+0000..U+00FF
)

Package Fancyhdr Warning: \fancyfoot's `E' option without twoside option is use
less on input line 29.

[8


]) [9] [10]

Package Fancyhdr Warning: \fancyhead's `E' option without twoside option is use
less on input line 120.


Package Fancyhdr Warning: \fancyfoot's `E' option without twoside option is use
less on input line 121.

Capitolo 1.
(./Capitoli/Capitolo1.tex

Package Fancyhdr Warning: \fancyfoot's `E' option without twoside option is use
less on input line 21.

[1



] (/usr/share/texlive/texmf-dist/tex/latex/ucs/data/uni-32.def
File: uni-32.def 2013/05/13 UCS: Unicode data U+2000..U+20FF
)
Underfull \hbox (badness 10000) in paragraph at lines 25--30

 []

LaTeX Font Info:    Try loading font information for OMS+cmr on input line 31.
(/usr/share/texlive/texmf-dist/tex/latex/base/omscmr.fd
File: omscmr.fd 1999/05/25 v2.5h Standard LaTeX font definitions
)
LaTeX Font Info:    Font shape `OMS/cmr/m/n' in size <12> not available
(Font)              Font shape `OMS/cmsy/m/n' tried instead on input line 31.
 [2] [3] [4] [5]
Underfull \hbox (badness 10000) in paragraph at lines 76--79

 []

[6]
Overfull \hbox (7.27228pt too wide) in paragraph at lines 84--85
\OT1/cmr/m/n/12 Tra i pi^^Ru im-por-tan-ti al-go-rit-mi di web struc-tu-re mi-n
ing tro-via-mo Pa-ge Rank [[]]
 []


Overfull \hbox (34.07776pt too wide) in paragraph at lines 86--86
[]\OT1/cmr/bx/n/17.28 Rappresentazioni vet-to-ria-li di pa-gi-ne Web 
 []

[7]
Underfull \hbox (badness 10000) in paragraph at lines 100--106

 []


Underfull \hbox (badness 10000) in paragraph at lines 100--106

 []

[8] (/usr/share/texlive/texmf-dist/tex/latex/ucs/data/uni-33.def
File: uni-33.def 2013/05/13 UCS: Unicode data U+2100..U+21FF
)
<./Immagini/weanalogies.png, id=99, 1367.1075pt x 481.8pt>
File: ./Immagini/weanalogies.png Graphic file (type png)

<use ./Immagini/weanalogies.png>
Package pdftex.def Info: ./Immagini/weanalogies.png used on input line 118.
(pdftex.def)             Requested size: 398.33858pt x 140.38007pt.

Overfull \hbox (8.33858pt too wide) in paragraph at lines 118--119
 [][] 
 []


Underfull \hbox (badness 10000) in paragraph at lines 112--122

 []

[9 <./Immagini/weanalogies.png (PNG copy)>]
<./Immagini/weanalogies2.png, id=106, 1003.75pt x 431.6125pt>
File: ./Immagini/weanalogies2.png Graphic file (type png)

<use ./Immagini/weanalogies2.png>
Package pdftex.def Info: ./Immagini/weanalogies2.png used on input line 132.
(pdftex.def)             Requested size: 284.52756pt x 122.34566pt.

<./Immagini/englishchinese.png, id=107, 615.29875pt x 463.7325pt>
File: ./Immagini/englishchinese.png Graphic file (type png)

<use ./Immagini/englishchinese.png>
Package pdftex.def Info: ./Immagini/englishchinese.png used on input line 141.
(pdftex.def)             Requested size: 284.52756pt x 214.44461pt.

Underfull \hbox (badness 10000) in paragraph at lines 128--145

 []

[10 <./Immagini/weanalogies2.png>]
<./Immagini/2w2v.jpg, id=111, 640.3925pt x 380.42125pt>
File: ./Immagini/2w2v.jpg Graphic file (type jpg)

<use ./Immagini/2w2v.jpg>
Package pdftex.def Info: ./Immagini/2w2v.jpg used on input line 159.
(pdftex.def)             Requested size: 284.52756pt x 169.0228pt.

<./Immagini/3w2v.jpg, id=112, 640.3925pt x 360.34625pt>
File: ./Immagini/3w2v.jpg Graphic file (type jpg)

<use ./Immagini/3w2v.jpg>
Package pdftex.def Info: ./Immagini/3w2v.jpg used on input line 167.
(pdftex.def)             Requested size: 284.52756pt x 160.1034pt.

<./Immagini/4w2v.jpg, id=113, 640.3925pt x 360.34625pt>
File: ./Immagini/4w2v.jpg Graphic file (type jpg)

<use ./Immagini/4w2v.jpg>
Package pdftex.def Info: ./Immagini/4w2v.jpg used on input line 175.
(pdftex.def)             Requested size: 284.52756pt x 160.1034pt.

<./Immagini/5w2v.jpg, id=114, 346.29375pt x 259.97125pt>
File: ./Immagini/5w2v.jpg Graphic file (type jpg)

<use ./Immagini/5w2v.jpg>
Package pdftex.def Info: ./Immagini/5w2v.jpg used on input line 184.
(pdftex.def)             Requested size: 284.52756pt x 213.60622pt.

Underfull \hbox (badness 10000) in paragraph at lines 152--188

 []


Underfull \hbox (badness 10000) in paragraph at lines 152--188

 []


Underfull \hbox (badness 10000) in paragraph at lines 152--188

 []


Underfull \hbox (badness 10000) in paragraph at lines 152--188

 []

[11 <./Immagini/englishchinese.png>]
Underfull \hbox (badness 10000) in paragraph at lines 189--194

 []


Underfull \hbox (badness 10000) in paragraph at lines 189--194

 []

[12 <./Immagini/2w2v.jpg> <./Immagini/3w2v.jpg>]
<./Immagini/datavisualization.png, id=123, 722.7pt x 542.025pt>
File: ./Immagini/datavisualization.png Graphic file (type png)

<use ./Immagini/datavisualization.png>
Package pdftex.def Info: ./Immagini/datavisualization.png used on input line 19
8.
(pdftex.def)             Requested size: 256.0748pt x 192.05217pt.


LaTeX Warning: `!h' float specifier changed to `!ht'.

[13 <./Immagini/4w2v.jpg>] [14 <./Immagini/5w2v.jpg> <./Immagini/datavisualizat
ion.png>] <./Immagini/dimred.jpg, id=133, 301.125pt x 225.84375pt>
File: ./Immagini/dimred.jpg Graphic file (type jpg)

<use ./Immagini/dimred.jpg>
Package pdftex.def Info: ./Immagini/dimred.jpg used on input line 209.
(pdftex.def)             Requested size: 256.0748pt x 192.0749pt.
) [15 <./Immagini/dimred.jpg>]
Capitolo 2.
(./Capitoli/Capitolo2.tex

Package Fancyhdr Warning: \fancyfoot's `E' option without twoside option is use
less on input line 15.

[16

]
Underfull \hbox (badness 10000) in paragraph at lines 20--23

 []

[17] [18]
Overfull \hbox (2.40779pt too wide) in paragraph at lines 41--41
[]\OT1/cmr/bx/n/17.28 Web Cra-w-ling per l'e-stra-zio-ne dei da-ti 
 []

<./Immagini/crawlerarch.png, id=146, 501.875pt x 383.4325pt>
File: ./Immagini/crawlerarch.png Graphic file (type png)

<use ./Immagini/crawlerarch.png>
Package pdftex.def Info: ./Immagini/crawlerarch.png used on input line 47.
(pdftex.def)             Requested size: 284.52756pt x 217.38866pt.
 [19 <./Immagini/crawlerarch.png>] [20]
Underfull \hbox (badness 10000) in paragraph at lines 101--114

 []


Underfull \hbox (badness 10000) in paragraph at lines 101--114

 []


Underfull \hbox (badness 10000) in paragraph at lines 101--114

 []


Underfull \hbox (badness 10000) in paragraph at lines 101--114

 []

[21] <./Immagini/breadthdepth.png, id=158, 313.17pt x 139.722pt>
File: ./Immagini/breadthdepth.png Graphic file (type png)

<use ./Immagini/breadthdepth.png>
Package pdftex.def Info: ./Immagini/breadthdepth.png used on input line 125.
(pdftex.def)             Requested size: 284.52756pt x 126.9468pt.

Underfull \hbox (badness 10000) in paragraph at lines 130--133

 []

[22 <./Immagini/breadthdepth.png>]
Underfull \hbox (badness 10000) in paragraph at lines 135--141

 []


Underfull \hbox (badness 10000) in paragraph at lines 135--141

 []


Underfull \hbox (badness 10000) in paragraph at lines 144--153

 []

[23] [24] <./Immagini/randomwalkonedim.png, id=169, 722.7pt x 542.025pt>
File: ./Immagini/randomwalkonedim.png Graphic file (type png)

<use ./Immagini/randomwalkonedim.png>
Package pdftex.def Info: ./Immagini/randomwalkonedim.png used on input line 166
.
(pdftex.def)             Requested size: 284.52756pt x 213.39865pt.

<./Immagini/randomwalktwodim.png, id=170, 674.52pt x 602.25pt>
File: ./Immagini/randomwalktwodim.png Graphic file (type png)

<use ./Immagini/randomwalktwodim.png>
Package pdftex.def Info: ./Immagini/randomwalktwodim.png used on input line 174
.
(pdftex.def)             Requested size: 284.52756pt x 254.04602pt.

Underfull \hbox (badness 10000) in paragraph at lines 161--184

 []


Underfull \hbox (badness 10000) in paragraph at lines 161--184

 []


Underfull \hbox (badness 10000) in paragraph at lines 161--184

 []


Underfull \hbox (badness 10000) in paragraph at lines 161--184

 []


Underfull \hbox (badness 10000) in paragraph at lines 161--184

 []

[25 <./Immagini/randomwalkonedim.png>] [26 <./Immagini/randomwalktwodim.png>]
Underfull \hbox (badness 10000) in paragraph at lines 191--197

 []


Underfull \hbox (badness 10000) in paragraph at lines 191--197

 []


Underfull \hbox (badness 10000) in paragraph at lines 200--205

 []


Underfull \hbox (badness 10000) in paragraph at lines 200--205

 []

[27] [28] <./Immagini/randomWalkongraph.png, id=186, 786.94pt x 578.16pt>
File: ./Immagini/randomWalkongraph.png Graphic file (type png)

<use ./Immagini/randomWalkongraph.png>
Package pdftex.def Info: ./Immagini/randomWalkongraph.png used on input line 24
4.
(pdftex.def)             Requested size: 284.52756pt x 209.03728pt.
 [29]
Overfull \hbox (21.52371pt too wide) in paragraph at lines 255--256
\OT1/cmr/m/n/12 il si-to del di-par-ti-men-to di in-for-ma-ti-ca di Ur-ba-na, I
L: \OT1/cmtt/m/n/12 www.cs.illinois.edu 
 []


Underfull \hbox (badness 10000) in paragraph at lines 258--272

 []


Underfull \hbox (badness 10000) in paragraph at lines 258--272

 []

[30 <./Immagini/randomWalkongraph.png>]
Underfull \hbox (badness 10000) in paragraph at lines 273--287

 []


Underfull \hbox (badness 10000) in paragraph at lines 273--287

 []


Underfull \hbox (badness 10000) in paragraph at lines 288--302

 []


Underfull \hbox (badness 10000) in paragraph at lines 288--302

 []

[31]
Underfull \hbox (badness 10000) in paragraph at lines 303--317

 []


Overfull \hbox (11.3752pt too wide) in paragraph at lines 303--317
\OT1/cmtt/m/n/12 638 -1 63 -1 153 -1 62 -1 63 -1 152 -1 63 -1 155 -1 13 -1 7 -1
 -2 
 []


Underfull \hbox (badness 10000) in paragraph at lines 303--317

 []


Underfull \hbox (badness 10000) in paragraph at lines 318--332

 []


Underfull \hbox (badness 10000) in paragraph at lines 318--332

 []

[32] [33] [34] <./Immagini/linkages.jpg, id=210, 620.3175pt x 214.55156pt>
File: ./Immagini/linkages.jpg Graphic file (type jpg)

<use ./Immagini/linkages.jpg>
Package pdftex.def Info: ./Immagini/linkages.jpg used on input line 375.
(pdftex.def)             Requested size: 284.52756pt x 98.41008pt.

Underfull \hbox (badness 10000) in paragraph at lines 381--389

 []


Underfull \hbox (badness 10000) in paragraph at lines 381--389

 []


Underfull \hbox (badness 10000) in paragraph at lines 381--389

 []

[35 <./Immagini/linkages.jpg>] [36]
<./Immagini/betweenness.png, id=217, 783.92876pt x 466.74374pt>
File: ./Immagini/betweenness.png Graphic file (type png)

<use ./Immagini/betweenness.png>
Package pdftex.def Info: ./Immagini/betweenness.png used on input line 400.
(pdftex.def)             Requested size: 284.52756pt x 169.40927pt.

<./Immagini/modularity.png, id=218, 845.559pt x 597.432pt>
File: ./Immagini/modularity.png Graphic file (type png)

<use ./Immagini/modularity.png>
Package pdftex.def Info: ./Immagini/modularity.png used on input line 415.
(pdftex.def)             Requested size: 284.52756pt x 201.0366pt.

Underfull \hbox (badness 10000) in paragraph at lines 406--419

 []


Underfull \hbox (badness 10000) in paragraph at lines 406--419

 []


Underfull \hbox (badness 10000) in paragraph at lines 406--419

 []

[37 <./Immagini/betweenness.png>] [38 <./Immagini/modularity.png>]
<./Immagini/voronoi.png, id=226, 642.4pt x 481.8pt>
File: ./Immagini/voronoi.png Graphic file (type png)

<use ./Immagini/voronoi.png>
Package pdftex.def Info: ./Immagini/voronoi.png used on input line 435.
(pdftex.def)             Requested size: 369.88582pt x 277.42249pt.
 [39]
Underfull \hbox (badness 10000) in paragraph at lines 442--446

 []

[40 <./Immagini/voronoi.png (PNG copy)>]
<./Immagini/tdm.png, id=233, 714.67pt x 436.63126pt>
File: ./Immagini/tdm.png Graphic file (type png)
 <use ./Immagini/tdm.png>
Package pdftex.def Info: ./Immagini/tdm.png used on input line 452.
(pdftex.def)             Requested size: 284.52756pt x 173.82993pt.

[41 <./Immagini/tdm.png>]
Underfull \hbox (badness 10000) in paragraph at lines 462--467

 []

[42] [43] [44]
Overfull \hbox (11.68765pt too wide) in paragraph at lines 506--508
[]\OT1/cmr/m/it/12 i)\OT1/cmr/m/n/12 Tutti i pun-ti al-l'in-ter-no del clu-ster
 so-no mu-tual-men-te density-connected.
 []

) [45]
Capitolo 3.
(./Capitoli/Capitolo3.tex
Underfull \hbox (badness 10000) in paragraph at lines 10--13

 []


Package Fancyhdr Warning: \fancyfoot's `E' option without twoside option is use
less on input line 19.

[46

] [47]) [48] [49]
Capitolo 4.
(./Capitoli/Capitolo4.tex

Package Fancyhdr Warning: \fancyfoot's `E' option without twoside option is use
less on input line 23.

[50

] [51] [52]
Underfull \hbox (badness 10000) in paragraph at lines 75--85

 []

[53] [54] [55] <./Immagini/nc_groundtruth.png, id=281, 702.625pt x 770.88pt>
File: ./Immagini/nc_groundtruth.png Graphic file (type png)

<use ./Immagini/nc_groundtruth.png>
Package pdftex.def Info: ./Immagini/nc_groundtruth.png used on input line 150.
(pdftex.def)             Requested size: 284.52756pt x 312.1694pt.
LaTeX Font Info:    Font shape `OT1/cmtt/bx/n' in size <12> not available
(Font)              Font shape `OT1/cmtt/m/n' tried instead on input line 155.
 [56] [57 <./Immagini/nc_groundtruth.png>]
[58] <./Immagini/lc_embedding_km.png, id=294, 2509.375pt x 903.375pt>
File: ./Immagini/lc_embedding_km.png Graphic file (type png)

<use ./Immagini/lc_embedding_km.png>
Package pdftex.def Info: ./Immagini/lc_embedding_km.png used on input line 219.

(pdftex.def)             Requested size: 369.88582pt x 133.15706pt.
 [59 <./Immagini/lc_embedding_km.png>]
Overfull \hbox (3.42181pt too wide) in paragraph at lines 232--233
[]\OT1/cmr/bx/n/12 sg \OT1/cmr/m/n/12 de-fi-ni-sce l'al-go-rit-mo di ap-pren-di
-men-to, di de-fault vie-ne usa-to \OT1/cmr/m/it/12 CBOW\OT1/cmr/m/n/12 ,
 []

[60] [61] [62] [63] [64] [65] [66] [67]
Overfull \hbox (4.35732pt too wide) in paragraph at lines 423--436
[][] 
 []

[68]
Underfull \hbox (badness 10000) in paragraph at lines 462--465

 []

[69]
Underfull \hbox (badness 10000) in paragraph at lines 520--530

 []


Underfull \hbox (badness 10000) in paragraph at lines 520--530

 []

[70]) [71]
Capitolo 5.
(./MaterialeInizialeFinale/Conclusioni.tex)
Underfull \hbox (badness 10000) in paragraph at lines 9--146

 []

(./Tesi.bbl

Package Fancyhdr Warning: \fancyfoot's `E' option without twoside option is use
less on input line 1.

[72

]

Package Fancyhdr Warning: \fancyfoot's `E' option without twoside option is use
less on input line 44.

[73

] [74] [75]) [76] (./Tesi.aux)

LaTeX Warning: There were multiply-defined labels.

 ) 
Here is how much of TeX's memory you used:
 15375 strings out of 493304
 295460 string characters out of 6139870
 316514 words of memory out of 5000000
 18502 multiletter control sequences out of 15000+600000
 13732 words of font info for 51 fonts, out of 8000000 for 9000
 958 hyphenation exceptions out of 8191
 39i,12n,45p,10418b,589s stack positions out of 5000i,500n,10000p,200000b,80000s
</usr/share/texlive/texmf-dist/fonts/type1/public/amsfonts/cm/cmbx12.pfb></us
r/share/texlive/texmf-dist/fonts/type1/public/amsfonts/cm/cmbx8.pfb></usr/share
/texlive/texmf-dist/fonts/type1/public/amsfonts/cm/cmbx9.pfb></usr/share/texliv
e/texmf-dist/fonts/type1/public/amsfonts/cm/cmcsc10.pfb></usr/share/texlive/tex
mf-dist/fonts/type1/public/amsfonts/cm/cmex10.pfb></usr/share/texlive/texmf-dis
t/fonts/type1/public/amsfonts/cm/cmmi12.pfb></usr/share/texlive/texmf-dist/font
s/type1/public/amsfonts/cm/cmmi6.pfb></usr/share/texlive/texmf-dist/fonts/type1
/public/amsfonts/cm/cmmi8.pfb></usr/share/texlive/texmf-dist/fonts/type1/public
/amsfonts/cm/cmr10.pfb></usr/share/texlive/texmf-dist/fonts/type1/public/amsfon
ts/cm/cmr12.pfb></usr/share/texlive/texmf-dist/fonts/type1/public/amsfonts/cm/c
mr8.pfb></usr/share/texlive/texmf-dist/fonts/type1/public/amsfonts/cm/cmsl12.pf
b></usr/share/texlive/texmf-dist/fonts/type1/public/amsfonts/cm/cmsy10.pfb></us
r/share/texlive/texmf-dist/fonts/type1/public/amsfonts/cm/cmsy8.pfb></usr/share
/texlive/texmf-dist/fonts/type1/public/amsfonts/cm/cmti12.pfb></usr/share/texli
ve/texmf-dist/fonts/type1/public/amsfonts/cm/cmtt12.pfb></usr/share/texlive/tex
mf-dist/fonts/type1/public/amsfonts/cm/cmtt8.pfb></usr/share/texlive/texmf-dist
/fonts/type1/public/amsfonts/symbols/msbm10.pfb>
Output written on Tesi.pdf (87 pages, 3041920 bytes).
PDF statistics:
 407 PDF objects out of 1000 (max. 8388607)
 266 compressed objects within 3 object streams
 0 named destinations out of 1000 (max. 500000)
 111 words of extra memory for PDF output out of 10000 (max. 10000000)

